[debug] > Exec(early(addDefaultCommands), None, None)
[debug] > Exec(addDefaultCommands, None, None)
[debug] > Exec(early(initialize), None, None)
[debug] > Exec(initialize, None, None)
[debug] > Exec(early(addPluginSbtFile="""C:\Users\Mufasa\AppData\Local\Temp\idea.sbt"""), None, None)
[debug] > Exec(addPluginSbtFile="""C:\Users\Mufasa\AppData\Local\Temp\idea.sbt""", None, None)
[debug] > Exec(boot, None, None)
[debug] > Exec(writeSbtVersion, None, None)
[debug] > Exec(reload, None, None)
[debug] > Exec(sbtStashOnFailure, None, None)
[debug] > Exec(onFailure loadFailed, None, None)
[debug] > Exec(loadp, None, None)
[info] welcome to sbt 1.4.3 (Oracle Corporation Java 15.0.1)
[debug]       Load.loadUnit: plugins took 92.6668ms
[debug]       Load.loadUnit: defsScala took 0.2952ms
[debug] [Loading] Scanning directory C:\Users\Mufasa\.sbt\1.0\plugins
[debug] [Loading] Found non-root projects 
[debug] [Loading] Done in C:\Users\Mufasa\.sbt\1.0\plugins, returning: ()
[debug] deducing auto plugins based on known facts Set(Atom(sbt.plugins.CorePlugin)) and clauses Clauses(List(Clause(Atom(sbt.plugins.JvmPlugin),Set(Atom(sbt.plugins.IvyPlugin))), Clause(Atom(sbt.ScriptedPlugin),Set(Atom(sbt.plugins.JvmPlugin))), Clause(Atom(sbt.plugins.SbtPlugin),Set(Atom(sbt.ScriptedPlugin))), Clause(Atom(sbt.plugins.SemanticdbPlugin),Set(Atom(sbt.plugins.JvmPlugin))), Clause(Atom(sbt.plugins.JUnitXmlReportPlugin),Set(Atom(sbt.plugins.JvmPlugin))), Clause(Atom(sbt.plugins.MiniDependencyTreePlugin),Set(Atom(sbt.plugins.JvmPlugin))), Clause(Atom(sbt.plugins.CorePlugin),Set(Atom(sbt.plugins.IvyPlugin))), Clause(Atom(sbt.plugins.IvyPlugin),Set(Atom(sbt.plugins.JvmPlugin))), Clause(Atom(sbt.plugins.JvmPlugin),Set(Atom(sbt.plugins.SemanticdbPlugin))), Clause(Atom(sbt.plugins.JvmPlugin),Set(Atom(sbt.plugins.JUnitXmlReportPlugin))), Clause(Atom(sbt.plugins.CorePlugin),Set(Atom(sbt.plugins.Giter8TemplatePlugin))), Clause(Atom(sbt.plugins.JvmPlugin),Set(Atom(sbt.plugins.MiniDependencyTreePlugin)))))
[debug]   :: deduced result: Matched(sbt.plugins.CorePlugin,sbt.plugins.Giter8TemplatePlugin,sbt.plugins.IvyPlugin,sbt.plugins.JvmPlugin,sbt.plugins.MiniDependencyTreePlugin,sbt.plugins.JUnitXmlReportPlugin,sbt.plugins.SemanticdbPlugin)
[debug] Plugins.deducer#function took 24.2994 ms
[debug]           Load.resolveProject(global-plugins) took 46.0576ms
[debug]         Load.loadTransitive: finalizeProject(Project(id global-plugins, base: C:\Users\Mufasa\.sbt\1.0\plugins, plugins: List(<none>))) took 94.6682ms
[debug] [Loading] Done in C:\Users\Mufasa\.sbt\1.0\plugins, returning: (global-plugins)
[debug]       Load.loadUnit: loadedProjectsRaw took 115.0679ms
[debug]       Load.loadUnit: cleanEvalClasses took 0.2693ms
[debug]     Load.loadUnit(file:/C:/Users/Mufasa/.sbt/1.0/plugins/, ...) took 217.6198ms
[debug]   Load.apply: load took 400.3934ms
[debug]   Load.apply: resolveProjects took 5.7561ms
[debug]   Load.apply: finalTransforms took 60.6847ms
[debug]   Load.apply: config.delegates took 7.7789ms
[debug]   Load.apply: Def.make(settings)... took 979.6583ms
[debug]   Load.apply: structureIndex took 113.3199ms
[debug]   Load.apply: mkStreams took 1.4983ms
[info] loading global plugins from C:\Users\Mufasa\.sbt\1.0\plugins
[debug] Running task... Cancel: Signal, check cycles: false, forcegc: true
[debug] Load.defaultLoad until apply took 2974.3246ms
[debug]           Load.loadUnit: plugins took 33.2259ms
[debug]           Load.loadUnit: defsScala took 0.0046ms
[debug] [Loading] Scanning directory C:\Users\Mufasa\Downloads\List12\project
[debug]             Load.loadUnit: mkEval took 11.7539ms
[debug] [Loading] Found non-root projects 
[debug] [Loading] Done in C:\Users\Mufasa\Downloads\List12\project, returning: ()
[debug] deducing auto plugins based on known facts Set(Atom(sbt.plugins.CorePlugin)) and clauses Clauses(List(Clause(Atom(sbt.plugins.JvmPlugin),Set(Atom(sbt.plugins.IvyPlugin))), Clause(Atom(sbt.ScriptedPlugin),Set(Atom(sbt.plugins.JvmPlugin))), Clause(Atom(sbt.plugins.SbtPlugin),Set(Atom(sbt.ScriptedPlugin))), Clause(Atom(sbt.plugins.SemanticdbPlugin),Set(Atom(sbt.plugins.JvmPlugin))), Clause(Atom(sbt.plugins.JUnitXmlReportPlugin),Set(Atom(sbt.plugins.JvmPlugin))), Clause(Atom(sbt.plugins.MiniDependencyTreePlugin),Set(Atom(sbt.plugins.JvmPlugin))), Clause(Atom(sbt.plugins.CorePlugin),Set(Atom(sbt.plugins.IvyPlugin))), Clause(Atom(sbt.plugins.IvyPlugin),Set(Atom(sbt.plugins.JvmPlugin))), Clause(Atom(sbt.plugins.JvmPlugin),Set(Atom(sbt.plugins.SemanticdbPlugin))), Clause(Atom(sbt.plugins.JvmPlugin),Set(Atom(sbt.plugins.JUnitXmlReportPlugin))), Clause(Atom(sbt.plugins.CorePlugin),Set(Atom(sbt.plugins.Giter8TemplatePlugin))), Clause(Atom(sbt.plugins.JvmPlugin),Set(Atom(sbt.plugins.MiniDependencyTreePlugin)))))
[debug]   :: deduced result: Matched(sbt.plugins.CorePlugin,sbt.plugins.Giter8TemplatePlugin,sbt.plugins.IvyPlugin,sbt.plugins.JvmPlugin,sbt.plugins.MiniDependencyTreePlugin,sbt.plugins.JUnitXmlReportPlugin,sbt.plugins.SemanticdbPlugin)
[debug] Plugins.deducer#function took 2.4854 ms
[info] loading settings for project list12-build from idea.sbt ...
[debug]               Load.resolveProject(list12-build) took 10.3998ms
[debug]             Load.loadTransitive: finalizeProject(Project(id list12-build, base: C:\Users\Mufasa\Downloads\List12\project, plugins: List(<none>))) took 13.6973ms
[debug] [Loading] Done in C:\Users\Mufasa\Downloads\List12\project, returning: (list12-build)
[debug]           Load.loadUnit: loadedProjectsRaw took 2228.5245ms
[debug]           Load.loadUnit: cleanEvalClasses took 8.5361ms
[debug]         Load.loadUnit(file:/C:/Users/Mufasa/Downloads/List12/project/, ...) took 2271.4723ms
[debug]       Load.apply: load took 2273.4381ms
[debug]       Load.apply: resolveProjects took 0.1453ms
[debug]       Load.apply: finalTransforms took 21.7518ms
[debug]       Load.apply: config.delegates took 0.6508ms
[debug]       Load.apply: Def.make(settings)... took 102.3769ms
[debug]       Load.apply: structureIndex took 49.9213ms
[debug]       Load.apply: mkStreams took 0.0026ms
[info] loading project definition from C:\Users\Mufasa\Downloads\List12\project
[debug] Running task... Cancel: Signal, check cycles: false, forcegc: true
[debug]     Load.loadUnit: plugins took 3916.2766ms
[debug]     Load.loadUnit: defsScala took 0.0059ms
[debug] [Loading] Scanning directory C:\Users\Mufasa\Downloads\List12
[debug]       Load.loadUnit: mkEval took 0.4272ms
[debug] [Loading] Found non-root projects 
[debug] [Loading] Done in C:\Users\Mufasa\Downloads\List12, returning: ()
[debug] deducing auto plugins based on known facts Set(Atom(sbt.plugins.CorePlugin)) and clauses Clauses(List(Clause(Atom(sbt.plugins.JvmPlugin),Set(Atom(sbt.plugins.IvyPlugin))), Clause(Atom(sbt.ScriptedPlugin),Set(Atom(sbt.plugins.JvmPlugin))), Clause(Atom(sbt.plugins.SbtPlugin),Set(Atom(sbt.ScriptedPlugin))), Clause(Atom(sbt.plugins.SemanticdbPlugin),Set(Atom(sbt.plugins.JvmPlugin))), Clause(Atom(sbt.plugins.JUnitXmlReportPlugin),Set(Atom(sbt.plugins.JvmPlugin))), Clause(Atom(sbt.plugins.MiniDependencyTreePlugin),Set(Atom(sbt.plugins.JvmPlugin))), Clause(Atom(org.jetbrains.sbt.StructurePlugin),Set(Atom(sbt.plugins.JvmPlugin))), Clause(Atom(org.jetbrains.sbt.IdeaShellPlugin),Set(Atom(sbt.plugins.JvmPlugin))), Clause(Atom(org.jetbrains.sbt.indices.SbtIntellijIndicesPlugin),Set(Atom(sbt.plugins.JvmPlugin))), Clause(Atom(sbt.plugins.CorePlugin),Set(Atom(sbt.plugins.IvyPlugin))), Clause(Atom(sbt.plugins.IvyPlugin),Set(Atom(sbt.plugins.JvmPlugin))), Clause(Atom(sbt.plugins.JvmPlugin),Set(Atom(sbt.plugins.SemanticdbPlugin))), Clause(Atom(sbt.plugins.JvmPlugin),Set(Atom(sbt.plugins.JUnitXmlReportPlugin))), Clause(Atom(sbt.plugins.CorePlugin),Set(Atom(sbt.plugins.Giter8TemplatePlugin))), Clause(Atom(sbt.plugins.JvmPlugin),Set(Atom(sbt.plugins.MiniDependencyTreePlugin))), Clause(Atom(sbt.plugins.JvmPlugin),Set(Atom(org.jetbrains.sbt.StructurePlugin))), Clause(Atom(sbt.plugins.JvmPlugin),Set(Atom(org.jetbrains.sbt.IdeaShellPlugin))), Clause(And(Set(Atom(sbt.plugins.CorePlugin), Atom(sbt.plugins.JvmPlugin))),Set(Atom(org.jetbrains.sbt.indices.SbtIntellijIndicesPlugin)))))
[debug]   :: deduced result: Matched(sbt.plugins.CorePlugin,sbt.plugins.Giter8TemplatePlugin,sbt.plugins.IvyPlugin,sbt.plugins.JvmPlugin,sbt.plugins.SemanticdbPlugin,org.jetbrains.sbt.indices.SbtIntellijIndicesPlugin,sbt.plugins.JUnitXmlReportPlugin,org.jetbrains.sbt.IdeaShellPlugin,org.jetbrains.sbt.StructurePlugin,sbt.plugins.MiniDependencyTreePlugin)
[debug] Plugins.deducer#function took 2.2263 ms
[info] loading settings for project list12 from build.sbt ...
[debug]         Load.resolveProject(list12) took 34.0884ms
[debug]       Load.loadTransitive: finalizeProject(Project(id list12, base: C:\Users\Mufasa\Downloads\List12, plugins: List(<none>))) took 37.687ms
[debug] [Loading] Done in C:\Users\Mufasa\Downloads\List12, returning: (list12)
[debug]     Load.loadUnit: loadedProjectsRaw took 1264.7981ms
[debug]     Load.loadUnit: cleanEvalClasses took 26.6899ms
[debug]   Load.loadUnit(file:/C:/Users/Mufasa/Downloads/List12/, ...) took 5208.8284ms
[debug] Load.apply: load took 5210.4735ms
[debug] Load.apply: resolveProjects took 0.0777ms
[debug] Load.apply: finalTransforms took 28.3045ms
[debug] Load.apply: config.delegates took 0.2662ms
[debug] Load.apply: Def.make(settings)... took 45.3363ms
[debug] Load.apply: structureIndex took 18.892ms
[debug] Load.apply: mkStreams took 0.0017ms
[info] set current project to akka-quickstart-scala (in build file:/C:/Users/Mufasa/Downloads/List12/)
[debug] > Exec(sbtPopOnFailure, None, None)
[debug] > Exec(resumeFromFailure, None, None)
[debug] > Exec(notifyUsersAboutShell, None, None)
[debug] > Exec(iflast shell, None, None)
[debug] > Exec(; set ideaPort in Global := 38095 ; idea-shell, None, None)
[debug] > Exec(set ideaPort in Global := 38095, None, None)
[info] Defining Global / ideaPort
[info] The new value will be used by Compile / compile, Test / compile
[debug] Defining 
[debug] 	Global / ideaPort
[debug] 
[debug] The new value will be used by 
[debug] 	Compile / compile
[debug] 	Test / compile
[info] Reapplying settings...
[info] set current project to akka-quickstart-scala (in build file:/C:/Users/Mufasa/Downloads/List12/)
[debug] > Exec(idea-shell, None, None)
